Removed Pin From Net: NetName=D3 Pin=*4-1
Removed Pin From Net: NetName=D4 Pin=*4-3
Removed Pin From Net: NetName=D1 Pin=*4-4
Removed Pin From Net: NetName=D5 Pin=*4-5
Removed Pin From Net: NetName=D2 Pin=*4-6
Removed Pin From Net: NetName=CS Pin=*4-9
Removed Pin From Net: NetName=CLK Pin=*4-15
Removed Pin From Net: NetName=3V Pin=*4-23
Removed Pin From Net: NetName=3V Pin=*4-24
Removed Pin From Net: NetName=GND Pin=*4-25
Removed Pin From Net: NetName=GND Pin=*4-26
Added Pin To Net: NetName=D3 Pin=*4-9
Added Pin To Net: NetName=D4 Pin=*4-11
Added Pin To Net: NetName=D1 Pin=*4-12
Added Pin To Net: NetName=D5 Pin=*4-13
Added Pin To Net: NetName=D2 Pin=*4-14
Added Pin To Net: NetName=CS Pin=*4-17
Added Pin To Net: NetName=CLK Pin=*4-23
Added Pin To Net: NetName=3V Pin=*4-31
Added Pin To Net: NetName=3V Pin=*4-32
Added Pin To Net: NetName=GND Pin=*4-33
Added Pin To Net: NetName=GND Pin=*4-34
