Removed Member From Class: ClassName=Sheet2 Member=*7
Change Component Designator: OldDesignator=*3 NewDesignator=*4
Change Component Designator: OldDesignator=*4 NewDesignator=*7
Change Component Designator: OldDesignator=*6 NewDesignator=*8
Change Component Designator: OldDesignator=*7 NewDesignator=*6
Change Component Designator: OldDesignator=*8 NewDesignator=*9
Change Component Designator: OldDesignator=* NewDesignator=*3
Change Component Designator: OldDesignator=C7 NewDesignator=C11
Change Component Designator: OldDesignator=C8 NewDesignator=C12
Change Component Designator: OldDesignator=C9 NewDesignator=C13
Change Component Designator: OldDesignator=C10 NewDesignator=C7
Change Component Designator: OldDesignator=C11 NewDesignator=C8
Change Component Designator: OldDesignator=C12 NewDesignator=C15
Change Component Designator: OldDesignator=C13 NewDesignator=C16
Change Component Designator: OldDesignator=C14 NewDesignator=C17
Change Component Designator: OldDesignator=C15 NewDesignator=C9
Change Component Designator: OldDesignator=C16 NewDesignator=C10
Change Component Designator: OldDesignator=C17 NewDesignator=C14
Change Component Designator: OldDesignator=J1 NewDesignator=J2
Change Component Designator: OldDesignator=J2 NewDesignator=J3
Change Component Designator: OldDesignator=J3 NewDesignator=J5
Change Component Designator: OldDesignator=J6 NewDesignator=J7
Change Component Designator: OldDesignator=J NewDesignator=J1
Change Component Designator: OldDesignator=J? NewDesignator=J4
Change Component Designator: OldDesignator=J? NewDesignator=J6
Change Net Name : Old Net Name=Net*8_2 New Net Name=Net*9_2
Change Net Name : Old Net Name=Net*8_3 New Net Name=Net*9_3
Change Net Name : Old Net Name=Net*8_6 New Net Name=Net*9_6
Change Net Name : Old Net Name=NetC17_1 New Net Name=NetC14_1
Added Member To Class: ClassName=Sheet2 Member=Component *9 OPAMP
Added Member To Class: ClassName=Sheet2 Member=Component J7 349873-345-34_3
