Change Component Designator: Old Designator=*3 New Designator=*4
Change Component Designator: Old Designator=*4 New Designator=*7
Change Component Designator: Old Designator=*6 New Designator=*8
Change Component Designator: Old Designator=*7 New Designator=*6
Change Component Designator: Old Designator=*8 New Designator=*9
Change Component Designator: Old Designator=* New Designator=*3
Change Component Designator: Old Designator=C7 New Designator=C11
Change Component Designator: Old Designator=C8 New Designator=C12
Change Component Designator: Old Designator=C9 New Designator=C13
Change Component Designator: Old Designator=C10 New Designator=C7
Change Component Designator: Old Designator=C11 New Designator=C8
Change Component Designator: Old Designator=C12 New Designator=C15
Change Component Designator: Old Designator=C13 New Designator=C16
Change Component Designator: Old Designator=C14 New Designator=C17
Change Component Designator: Old Designator=C15 New Designator=C9
Change Component Designator: Old Designator=C16 New Designator=C10
Change Component Designator: Old Designator=C17 New Designator=C14
Change Component Designator: Old Designator=J1 New Designator=J2
Change Component Designator: Old Designator=J2 New Designator=J3
Change Component Designator: Old Designator=J3 New Designator=J5
Change Component Designator: Old Designator=J6 New Designator=J7
Change Component Designator: Old Designator=J New Designator=J1
Change Component Designator: Old Designator=J? New Designator=J4
Change Component Designator: Old Designator=J? New Designator=J6
